1724956722326	geckodriver	INFO	Listening on 127.0.0.1:53125
1724956724052	mozrunner::runner	INFO	Running command: "C:\\Program Files\\Mozilla Firefox\\firefox.exe" "--marionette" "--remote-debugging-port" "53126" "--remote-allow-hosts" "localhost" "-no-remote" "-profile" "C:\\Users\\a315707\\AppData\\Local\\Temp\\rust_mozprofilerB3cQ1"
console.warn: services.settings: Ignoring preference override of remote settings server
console.warn: services.settings: Allow by setting MOZ_REMOTE_SETTINGS_DEVTOOLS=1 in the environment
Dynamically enable window occlusion 0
1724956724600	Marionette	INFO	Marionette enabled
1724956724730	Marionette	INFO	Listening on port 53137
WebDriver BiDi listening on ws://127.0.0.1:53126
Read port: 53137
1724956724949	RemoteAgent	WARN	TLS certificate errors will be ignored for this session
DevTools listening on ws://127.0.0.1:53126/devtools/browser/fe445459-b86a-4110-ab86-4ed8408323aa
1724956729255	Marionette	INFO	Stopped listening on port 53137
JavaScript warning: moz-extension://62cfb279-def2-45dd-8430-90f6ca71985e/js/static-filtering-parser.js, line 2156: Script terminated by timeout at:
parseDomain@moz-extension://62cfb279-def2-45dd-8430-90f6ca71985e/js/static-filtering-parser.js:2156:16
parseDomainList@moz-extension://62cfb279-def2-45dd-8430-90f6ca71985e/js/static-filtering-parser.js:2120:48
parseExt@moz-extension://62cfb279-def2-45dd-8430-90f6ca71985e/js/static-filtering-parser.js:2228:38
parseFilter@moz-extension://62cfb279-def2-45dd-8430-90f6ca71985e/js/static-filtering-parser.js:1155:38
parseRaw@moz-extension://62cfb279-def2-45dd-8430-90f6ca71985e/js/static-filtering-parser.js:1121:38
parse@moz-extension://62cfb279-def2-45dd-8430-90f6ca71985e/js/static-filtering-parser.js:1016:43
µb.compileFilters@moz-extension://62cfb279-def2-45dd-8430-90f6ca71985e/js/storage.js:1138:16
µb.getCompiledFilterList@moz-extension://62cfb279-def2-45dd-8430-90f6ca71985e/js/storage.js:1064:34

Dynamically enable window occlusion 1
