1725025963273	geckodriver	INFO	Listening on 127.0.0.1:63820
1725025963923	mozrunner::runner	INFO	Running command: "C:\\Program Files\\Mozilla Firefox\\firefox.exe" "--marionette" "--remote-debugging-port" "63821" "--remote-allow-hosts" "localhost" "-no-remote" "-profile" "C:\\Users\\a315707\\AppData\\Local\\Temp\\rust_mozprofile3KL8tX"
console.warn: services.settings: Ignoring preference override of remote settings server
console.warn: services.settings: Allow by setting MOZ_REMOTE_SETTINGS_DEVTOOLS=1 in the environment
Dynamically enable window occlusion 0
1725025964658	Marionette	INFO	Marionette enabled
1725025964871	Marionette	INFO	Listening on port 63828
WebDriver BiDi listening on ws://127.0.0.1:63821
Read port: 63828
1725025965215	RemoteAgent	WARN	TLS certificate errors will be ignored for this session
DevTools listening on ws://127.0.0.1:63821/devtools/browser/f70c7cd4-b26e-40ee-b9dd-89fcf40c404a
1725025971644	Marionette	INFO	Stopped listening on port 63828
JavaScript warning: moz-extension://ccd7a358-0a14-48f2-985f-5c5c40b66294/js/static-filtering-parser.js, line 1819: Script terminated by timeout at:
parseNetPattern@moz-extension://ccd7a358-0a14-48f2-985f-5c5c40b66294/js/static-filtering-parser.js:1819:42
parseNet@moz-extension://ccd7a358-0a14-48f2-985f-5c5c40b66294/js/static-filtering-parser.js:1280:34
parseFilter@moz-extension://ccd7a358-0a14-48f2-985f-5c5c40b66294/js/static-filtering-parser.js:1179:39
parseRaw@moz-extension://ccd7a358-0a14-48f2-985f-5c5c40b66294/js/static-filtering-parser.js:1121:38
parse@moz-extension://ccd7a358-0a14-48f2-985f-5c5c40b66294/js/static-filtering-parser.js:1016:43
µb.compileFilters@moz-extension://ccd7a358-0a14-48f2-985f-5c5c40b66294/js/storage.js:1138:16
µb.getCompiledFilterList@moz-extension://ccd7a358-0a14-48f2-985f-5c5c40b66294/js/storage.js:1064:34

Dynamically enable window occlusion 1
