1722889358691	geckodriver	INFO	Listening on 127.0.0.1:49734
1722889361984	mozrunner::runner	INFO	Running command: "C:\\Program Files\\Mozilla Firefox\\firefox.exe" "--marionette" "--remote-debugging-port" "49735" "--remote-allow-hosts" "localhost" "-no-remote" "-profile" "C:\\Users\\georg\\AppData\\Local\\Temp\\rust_mozprofilerLfxJY"
console.warn: services.settings: Ignoring preference override of remote settings server
console.warn: services.settings: Allow by setting MOZ_REMOTE_SETTINGS_DEVTOOLS=1 in the environment
Dynamically enable window occlusion 0
1722889366411	Marionette	INFO	Marionette enabled
1722889367989	Marionette	INFO	Listening on port 49762
Read port: 49762
WebDriver BiDi listening on ws://127.0.0.1:49735
1722889369160	RemoteAgent	WARN	TLS certificate errors will be ignored for this session
1722889402481	addons.xpi	ERROR	System addon update list error SyntaxError: XMLHttpRequest.open: 'http://%(server)s/dummy-system-addons.xml' is not a valid URL.
DevTools listening on ws://127.0.0.1:49735/devtools/browser/0b2629d8-1c56-4880-b1ce-5139e25eb478
1722889429254	Marionette	INFO	Stopped listening on port 49762
Dynamically enable window occlusion 1
console.warn: services.settings: main/devtools-devices sync interrupted by shutdown
console.warn: services.settings: main/websites-with-shared-credential-backends sync interrupted by shutdown
console.warn: services.settings: main/language-dictionaries sync interrupted by shutdown
console.warn: services.settings: main/password-recipes sync interrupted by shutdown
console.warn: services.settings: main/password-rules sync interrupted by shutdown
console.warn: services.settings: main/addons-manager-settings sync interrupted by shutdown
console.warn: services.settings: main/query-stripping sync interrupted by shutdown
console.warn: services.settings: main/partitioning-exempt-urls sync interrupted by shutdown
console.warn: services.settings: main/translations-wasm sync interrupted by shutdown
console.warn: services.settings: main/search-config-overrides sync interrupted by shutdown
console.error: (new AbortError("IndexedDB: main/search-config-overrides-v2 getLastModified() IndexedDB:  execute() A request was aborted, for example through a call to IDBTransaction.abort.", "resource://services-settings/IDBHelpers.sys.mjs", 16))
