1717604727600	geckodriver	INFO	Listening on 127.0.0.1:50931
1717604728188	mozrunner::runner	INFO	Running command: "C:\\Program Files\\Mozilla Firefox\\firefox.exe" "--marionette" "--remote-debugging-port" "50932" "--remote-allow-hosts" "localhost" "-no-remote" "-profile" "C:\\Users\\a315707\\AppData\\Local\\Temp\\rust_mozprofile9kI6cC"
console.warn: services.settings: Ignoring preference override of remote settings server
console.warn: services.settings: Allow by setting MOZ_REMOTE_SETTINGS_DEVTOOLS=1 in the environment
Dynamically enable window occlusion 0
1717604728643	Marionette	INFO	Marionette enabled
1717604728863	Marionette	INFO	Listening on port 50940
WebDriver BiDi listening on ws://127.0.0.1:50932
Read port: 50940
1717604729047	RemoteAgent	WARN	TLS certificate errors will be ignored for this session
DevTools listening on ws://127.0.0.1:50932/devtools/browser/0b2c2cfe-2256-45cb-a67a-bdb936aeb8f6
1717604732576	Marionette	INFO	Stopped listening on port 50940
JavaScript warning: moz-extension://c4525c80-a9d3-4490-80f6-8ee685b8bca8/lib/csstree/css-tree.js, line 7: Script terminated by timeout at:
skip@moz-extension://c4525c80-a9d3-4490-80f6-8ee685b8bca8/lib/csstree/css-tree.js:7:17922
skipUntilBalanced@moz-extension://c4525c80-a9d3-4490-80f6-8ee685b8bca8/lib/csstree/css-tree.js:7:18748
oo@moz-extension://c4525c80-a9d3-4490-80f6-8ee685b8bca8/lib/csstree/css-tree.js:17:107174
Zn@moz-extension://c4525c80-a9d3-4490-80f6-8ee685b8bca8/lib/csstree/css-tree.js:17:105132
zh@moz-extension://c4525c80-a9d3-4490-80f6-8ee685b8bca8/lib/csstree/css-tree.js:17:115755
Go@moz-extension://c4525c80-a9d3-4490-80f6-8ee685b8bca8/lib/csstree/css-tree.js:11:219
lo@moz-extension://c4525c80-a9d3-4490-80f6-8ee685b8bca8/lib/csstree/css-tree.js:17:108294
uo@moz-extension://c4525c80-a9d3-4490-80f6-8ee685b8bca8/lib/csstree/css-tree.js:17:108732
bs/<@moz-extension://c4525c80-a9d3-4490-80f6-8ee685b8bca8/lib/csstree/css-tree.js:11:474
Xo/<@moz-extension://c4525c80-a9d3-4490-80f6-8ee685b8bca8/lib/csstree/css-tree.js:11:4284
astFromRaw@moz-extension://c4525c80-a9d3-4490-80f6-8ee685b8bca8/js/static-filtering-parser.js:3342:27
compileSelector@moz-extension://c4525c80-a9d3-4490-80f6-8ee685b8bca8/js/static-filtering-parser.js:3308:28
compile@moz-extension://c4525c80-a9d3-4490-80f6-8ee685b8bca8/js/static-filtering-parser.js:3294:29
parseExtPatternCosmetic@moz-extension://c4525c80-a9d3-4490-80f6-8ee685b8bca8/js/static-filtering-parser.js:2558:47
parseExtPattern@moz-extension://c4525c80-a9d3-4490-80f6-8ee685b8bca8/js/static-filtering-parser.js:2347:21
parseExt@moz-extension://c4525c80-a9d3-4490-80f6-8ee685b8bca8/js/static-filtering-parser.js:2246:27
parseFilter@moz-extension://c4525c80-a9d3-4490-80f6-8ee685b8bca8/js/static-filtering-parser.js:1157:38
parseRaw@moz-extension://c4525c80-a9d3-4490-80f6-8ee685b8bca8/js/static-filtering-parser.js:1123:38
parse@moz-extension://c4525c80-a9d3-4490-80f6-8ee685b8bca8/js/static-filtering-parser.js:1018:43
µb.compileFilters@moz-extension://c4525c80-a9d3-4490-80f6-8ee685b8bca8/js/storage.js:1137:16
µb.getCompiledFilterList@moz-extension://c4525c80-a9d3-4490-80f6-8ee685b8bca8/js/storage.js:1063:34

Dynamically enable window occlusion 1
