1717603697048	geckodriver	INFO	Listening on 127.0.0.1:55756
1717603697628	mozrunner::runner	INFO	Running command: "C:\\Program Files\\Mozilla Firefox\\firefox.exe" "--marionette" "--remote-debugging-port" "55757" "--remote-allow-hosts" "localhost" "-no-remote" "-profile" "C:\\Users\\a315707\\AppData\\Local\\Temp\\rust_mozprofileAyrRRi"
console.warn: services.settings: Ignoring preference override of remote settings server
console.warn: services.settings: Allow by setting MOZ_REMOTE_SETTINGS_DEVTOOLS=1 in the environment
Dynamically enable window occlusion 0
1717603698201	Marionette	INFO	Marionette enabled
1717603698325	Marionette	INFO	Listening on port 55763
WebDriver BiDi listening on ws://127.0.0.1:55757
Read port: 55763
1717603698418	RemoteAgent	WARN	TLS certificate errors will be ignored for this session
DevTools listening on ws://127.0.0.1:55757/devtools/browser/b54f5d02-5dbf-4c3e-a7a9-e64f876d397c
JavaScript error: resource://gre/modules/ExtensionCommon.sys.mjs, line 560: TypeError: this.contentWindow is null
JavaScript warning: https://www.youtube.com/s/player/e056da8e/player_ias.vflset/de_DE/base.js, line 1975: Script terminated by timeout at:
EA@https://www.youtube.com/s/player/e056da8e/player_ias.vflset/de_DE/base.js:1975:22
GA@https://www.youtube.com/s/player/e056da8e/player_ias.vflset/de_DE/base.js:1978:61
g.yPa@https://www.youtube.com/s/player/e056da8e/player_ias.vflset/de_DE/base.js:4207:43
g.k.SL@https://www.youtube.com/s/player/e056da8e/player_ias.vflset/de_DE/base.js:13133:12
g.k.sendAbandonmentPing@https://www.youtube.com/s/player/e056da8e/player_ias.vflset/de_DE/base.js:13015:107
g.k.sendAbandonmentPing@https://www.youtube.com/s/player/e056da8e/player_ias.vflset/de_DE/base.js:11079:62
AT/a.state.B[b]@https://www.youtube.com/s/player/e056da8e/player_ias.vflset/de_DE/base.js:5043:53
Lx/<@https://www.youtube.com/s/player/e056da8e/www-embed-player.vflset/www-embed-player.js:1880:106
Xx@https://www.youtube.com/s/player/e056da8e/www-embed-player.vflset/www-embed-player.js:1916:46
@https://www.youtube.com/s/player/e056da8e/www-embed-player.vflset/www-embed-player.js:1924:137
fl/<@https://www.youtube.com/s/player/e056da8e/www-embed-player.vflset/www-embed-player.js:906:63

JavaScript warning: https://www.youtube.com/embed/qDb7v9MrQ38?ecver=2 line 871 > injectedScript line 2 > eval line 878 > eval line 1 > eval line 1 > eval, line 1: WEBGL_debug_renderer_info is deprecated in Firefox and will be removed. Please use RENDERER.
1717603844072	Marionette	INFO	Stopped listening on port 55763
Dynamically enable window occlusion 1
