1717605146402	geckodriver	INFO	Listening on 127.0.0.1:61913
1717605146977	mozrunner::runner	INFO	Running command: "C:\\Program Files\\Mozilla Firefox\\firefox.exe" "--marionette" "--remote-debugging-port" "61914" "--remote-allow-hosts" "localhost" "-no-remote" "-profile" "C:\\Users\\a315707\\AppData\\Local\\Temp\\rust_mozprofileZbjt6y"
console.warn: services.settings: Ignoring preference override of remote settings server
console.warn: services.settings: Allow by setting MOZ_REMOTE_SETTINGS_DEVTOOLS=1 in the environment
Dynamically enable window occlusion 0
1717605147425	Marionette	INFO	Marionette enabled
1717605147731	Marionette	INFO	Listening on port 61922
WebDriver BiDi listening on ws://127.0.0.1:61914
Read port: 61922
1717605147916	RemoteAgent	WARN	TLS certificate errors will be ignored for this session
DevTools listening on ws://127.0.0.1:61914/devtools/browser/4759998c-667b-4ab9-91bf-47a245379b95
1717605151371	Marionette	INFO	Stopped listening on port 61922
JavaScript warning: moz-extension://d79dba68-59e6-4963-bdd8-8e60cb83908b/lib/csstree/css-tree.js, line 11: Script terminated by timeout at:
getLocation@moz-extension://d79dba68-59e6-4963-bdd8-8e60cb83908b/lib/csstree/css-tree.js:11:3032
wo@moz-extension://d79dba68-59e6-4963-bdd8-8e60cb83908b/lib/csstree/css-tree.js:17:111082
zh@moz-extension://d79dba68-59e6-4963-bdd8-8e60cb83908b/lib/csstree/css-tree.js:17:115796
Go@moz-extension://d79dba68-59e6-4963-bdd8-8e60cb83908b/lib/csstree/css-tree.js:11:219
lo@moz-extension://d79dba68-59e6-4963-bdd8-8e60cb83908b/lib/csstree/css-tree.js:17:108294
uo@moz-extension://d79dba68-59e6-4963-bdd8-8e60cb83908b/lib/csstree/css-tree.js:17:108732
bs/<@moz-extension://d79dba68-59e6-4963-bdd8-8e60cb83908b/lib/csstree/css-tree.js:11:474
Xo/<@moz-extension://d79dba68-59e6-4963-bdd8-8e60cb83908b/lib/csstree/css-tree.js:11:4284
astFromRaw@moz-extension://d79dba68-59e6-4963-bdd8-8e60cb83908b/js/static-filtering-parser.js:3342:27
compileSelector@moz-extension://d79dba68-59e6-4963-bdd8-8e60cb83908b/js/static-filtering-parser.js:3308:28
compile@moz-extension://d79dba68-59e6-4963-bdd8-8e60cb83908b/js/static-filtering-parser.js:3294:29
parseExtPatternCosmetic@moz-extension://d79dba68-59e6-4963-bdd8-8e60cb83908b/js/static-filtering-parser.js:2558:47
parseExtPattern@moz-extension://d79dba68-59e6-4963-bdd8-8e60cb83908b/js/static-filtering-parser.js:2347:21
parseExt@moz-extension://d79dba68-59e6-4963-bdd8-8e60cb83908b/js/static-filtering-parser.js:2246:27
parseFilter@moz-extension://d79dba68-59e6-4963-bdd8-8e60cb83908b/js/static-filtering-parser.js:1157:38
parseRaw@moz-extension://d79dba68-59e6-4963-bdd8-8e60cb83908b/js/static-filtering-parser.js:1123:38
parse@moz-extension://d79dba68-59e6-4963-bdd8-8e60cb83908b/js/static-filtering-parser.js:1018:43
µb.compileFilters@moz-extension://d79dba68-59e6-4963-bdd8-8e60cb83908b/js/storage.js:1137:16
µb.getCompiledFilterList@moz-extension://d79dba68-59e6-4963-bdd8-8e60cb83908b/js/storage.js:1063:34

Dynamically enable window occlusion 1
