1717603010738	geckodriver	INFO	Listening on 127.0.0.1:63095
1717603011337	mozrunner::runner	INFO	Running command: "C:\\Program Files\\Mozilla Firefox\\firefox.exe" "--marionette" "--remote-debugging-port" "63096" "--remote-allow-hosts" "localhost" "-no-remote" "-profile" "C:\\Users\\a315707\\AppData\\Local\\Temp\\rust_mozprofileYZSpnb"
console.warn: services.settings: Ignoring preference override of remote settings server
console.warn: services.settings: Allow by setting MOZ_REMOTE_SETTINGS_DEVTOOLS=1 in the environment
Dynamically enable window occlusion 0
1717603011821	Marionette	INFO	Marionette enabled
1717603011944	Marionette	INFO	Listening on port 63103
Read port: 63103
WebDriver BiDi listening on ws://127.0.0.1:63096
1717603012042	RemoteAgent	WARN	TLS certificate errors will be ignored for this session
DevTools listening on ws://127.0.0.1:63096/devtools/browser/be5b3011-1de5-4c2a-9c37-5a905f73ad82
JavaScript warning: https://www.youtube.com/s/player/4b63a6a1/player_ias.vflset/de_DE/base.js, line 8092: Script terminated by timeout at:
g.k.Ma@https://www.youtube.com/s/player/4b63a6a1/player_ias.vflset/de_DE/base.js:8092:307
g.WE.prototype.publish@https://www.youtube.com/s/player/4b63a6a1/player_ias.vflset/de_DE/base.js:9120:50
g.k.sendAbandonmentPing@https://www.youtube.com/s/player/4b63a6a1/player_ias.vflset/de_DE/base.js:13014:75
g.k.sendAbandonmentPing@https://www.youtube.com/s/player/4b63a6a1/player_ias.vflset/de_DE/base.js:11079:62
BT/a.state.B[b]@https://www.youtube.com/s/player/4b63a6a1/player_ias.vflset/de_DE/base.js:5044:53
Lx/<@https://www.youtube.com/s/player/4b63a6a1/www-embed-player.vflset/www-embed-player.js:1880:106
Xx@https://www.youtube.com/s/player/4b63a6a1/www-embed-player.vflset/www-embed-player.js:1916:46
@https://www.youtube.com/s/player/4b63a6a1/www-embed-player.vflset/www-embed-player.js:1924:137
fl/<@https://www.youtube.com/s/player/4b63a6a1/www-embed-player.vflset/www-embed-player.js:906:63

JavaScript warning: https://www.google.com/js/th/6jbWxgyWtoJcj-L-FPxUQ7wDTDXAc9viBJz9v4GziSw.js line 2 > eval line 302 > eval line 1 > eval line 1 > eval, line 1: WEBGL_debug_renderer_info is deprecated in Firefox and will be removed. Please use RENDERER.
1717603025403	Marionette	INFO	Stopped listening on port 63103
Dynamically enable window occlusion 1
