1717603555854	geckodriver	INFO	Listening on 127.0.0.1:63853
1717603556448	mozrunner::runner	INFO	Running command: "C:\\Program Files\\Mozilla Firefox\\firefox.exe" "--marionette" "--remote-debugging-port" "63854" "--remote-allow-hosts" "localhost" "-no-remote" "-profile" "C:\\Users\\a315707\\AppData\\Local\\Temp\\rust_mozprofileoqcfAX"
console.warn: services.settings: Ignoring preference override of remote settings server
console.warn: services.settings: Allow by setting MOZ_REMOTE_SETTINGS_DEVTOOLS=1 in the environment
Dynamically enable window occlusion 0
1717603556892	Marionette	INFO	Marionette enabled
1717603557028	Marionette	INFO	Listening on port 63861
WebDriver BiDi listening on ws://127.0.0.1:63854
Read port: 63861
1717603557191	RemoteAgent	WARN	TLS certificate errors will be ignored for this session
DevTools listening on ws://127.0.0.1:63854/devtools/browser/e6cf095c-db57-4f5b-aaea-42b41d635ee2
JavaScript warning: https://www.youtube.com/s/player/4b63a6a1/player_ias.vflset/de_DE/base.js, line 8732: Script terminated by timeout at:
g.k.publish@https://www.youtube.com/s/player/4b63a6a1/player_ias.vflset/de_DE/base.js:8732:108
g.WE.prototype.publish@https://www.youtube.com/s/player/4b63a6a1/player_ias.vflset/de_DE/base.js:9120:74
g.k.sendAbandonmentPing@https://www.youtube.com/s/player/4b63a6a1/player_ias.vflset/de_DE/base.js:13014:75
g.k.sendAbandonmentPing@https://www.youtube.com/s/player/4b63a6a1/player_ias.vflset/de_DE/base.js:11079:62
BT/a.state.B[b]@https://www.youtube.com/s/player/4b63a6a1/player_ias.vflset/de_DE/base.js:5044:53
Lx/<@https://www.youtube.com/s/player/4b63a6a1/www-embed-player.vflset/www-embed-player.js:1880:106
Xx@https://www.youtube.com/s/player/4b63a6a1/www-embed-player.vflset/www-embed-player.js:1916:46
@https://www.youtube.com/s/player/4b63a6a1/www-embed-player.vflset/www-embed-player.js:1924:137
fl/<@https://www.youtube.com/s/player/4b63a6a1/www-embed-player.vflset/www-embed-player.js:906:63

JavaScript warning: https://www.google.com/js/th/6jbWxgyWtoJcj-L-FPxUQ7wDTDXAc9viBJz9v4GziSw.js line 2 > eval line 7588 > eval line 1 > eval line 1 > eval, line 1: WEBGL_debug_renderer_info is deprecated in Firefox and will be removed. Please use RENDERER.
SourceActor threw an exception: [Exception... "Failed to open input source 'resource://gre/modules/ExtensionContent.sys.mjs'"  nsresult: "0x805303f4 (<unknown>)"  location: "JS frame :: resource://devtools/shared/DevToolsUtils.js :: mainThreadFetch/< :: line 719"  data: yes]
Stack: mainThreadFetch/<@resource://devtools/shared/DevToolsUtils.js:719:15
mainThreadFetch@resource://devtools/shared/DevToolsUtils.js:566:10
_fetchURLContents@resource://devtools/server/actors/utils/sources-manager.js:465:22
urlContents@resource://devtools/server/actors/utils/sources-manager.js:429:17
_resurrectSource@resource://devtools/server/actors/thread.js:2211:33
addAllSources@resource://devtools/server/actors/thread.js:1531:14
watch@resource://devtools/server/actors/resources/sources.js:83:17
watchResources@resource://devtools/server/actors/resources/index.js:340:15
addOrSetSessionDataEntry@resource://devtools/server/actors/targets/session-data-processors/resources.js:19:21
addOrSetSessionDataEntry@resource://devtools/server/actors/targets/base-target-actor.js:54:23
#addOrSetSessionDataEntry@resource://devtools/server/connectors/js-process-actor/DevToolsProcessChild.sys.mjs:380:21
receiveMessage@resource://devtools/server/connectors/js-process-actor/DevToolsProcessChild.sys.mjs:305:46
Line: 719, column: 0
console.error: ({})
SourceActor threw an exception: [Exception... "Failed to open input source 'moz-extension://a8c89e68-2c63-4cd3-bd9f-5ba1701e4fae/js/vapi.js'"  nsresult: "0x805303f4 (<unknown>)"  location: "JS frame :: resource://devtools/shared/DevToolsUtils.js :: mainThreadFetch/< :: line 719"  data: yes]
Stack: mainThreadFetch/<@resource://devtools/shared/DevToolsUtils.js:719:15
mainThreadFetch@resource://devtools/shared/DevToolsUtils.js:566:10
_fetchURLContents@resource://devtools/server/actors/utils/sources-manager.js:465:22
urlContents@resource://devtools/server/actors/utils/sources-manager.js:429:17
_resurrectSource@resource://devtools/server/actors/thread.js:2211:33
addAllSources@resource://devtools/server/actors/thread.js:1531:14
watch@resource://devtools/server/actors/resources/sources.js:83:17
watchResources@resource://devtools/server/actors/resources/index.js:340:15
addOrSetSessionDataEntry@resource://devtools/server/actors/targets/session-data-processors/resources.js:19:21
addOrSetSessionDataEntry@resource://devtools/server/actors/targets/base-target-actor.js:54:23
#addOrSetSessionDataEntry@resource://devtools/server/connectors/js-process-actor/DevToolsProcessChild.sys.mjs:380:21
receiveMessage@resource://devtools/server/connectors/js-process-actor/DevToolsProcessChild.sys.mjs:305:46
Line: 719, column: 0
console.error: ({})
SourceActor threw an exception: [Exception... "Failed to open input source 'resource://gre/modules/ExtensionContent.sys.mjs'"  nsresult: "0x805303f4 (<unknown>)"  location: "JS frame :: resource://devtools/shared/DevToolsUtils.js :: mainThreadFetch/< :: line 719"  data: yes]
Stack: mainThreadFetch/<@resource://devtools/shared/DevToolsUtils.js:719:15
mainThreadFetch@resource://devtools/shared/DevToolsUtils.js:566:10
_fetchURLContents@resource://devtools/server/actors/utils/sources-manager.js:465:22
urlContents@resource://devtools/server/actors/utils/sources-manager.js:429:17
_resurrectSource@resource://devtools/server/actors/thread.js:2211:33
addAllSources@resource://devtools/server/actors/thread.js:1531:14
watch@resource://devtools/server/actors/resources/sources.js:83:17
watchResources@resource://devtools/server/actors/resources/index.js:340:15
addOrSetSessionDataEntry@resource://devtools/server/actors/targets/session-data-processors/resources.js:19:21
addOrSetSessionDataEntry@resource://devtools/server/actors/targets/base-target-actor.js:54:23
#addOrSetSessionDataEntry@resource://devtools/server/connectors/js-process-actor/DevToolsProcessChild.sys.mjs:380:21
receiveMessage@resource://devtools/server/connectors/js-process-actor/DevToolsProcessChild.sys.mjs:305:46
Line: 719, column: 0
console.error: ({})
SourceActor threw an exception: [Exception... "Failed to open input source 'moz-extension://a8c89e68-2c63-4cd3-bd9f-5ba1701e4fae/js/vapi.js'"  nsresult: "0x805303f4 (<unknown>)"  location: "JS frame :: resource://devtools/shared/DevToolsUtils.js :: mainThreadFetch/< :: line 719"  data: yes]
Stack: mainThreadFetch/<@resource://devtools/shared/DevToolsUtils.js:719:15
mainThreadFetch@resource://devtools/shared/DevToolsUtils.js:566:10
_fetchURLContents@resource://devtools/server/actors/utils/sources-manager.js:465:22
urlContents@resource://devtools/server/actors/utils/sources-manager.js:429:17
_resurrectSource@resource://devtools/server/actors/thread.js:2211:33
addAllSources@resource://devtools/server/actors/thread.js:1531:14
watch@resource://devtools/server/actors/resources/sources.js:83:17
watchResources@resource://devtools/server/actors/resources/index.js:340:15
addOrSetSessionDataEntry@resource://devtools/server/actors/targets/session-data-processors/resources.js:19:21
addOrSetSessionDataEntry@resource://devtools/server/actors/targets/base-target-actor.js:54:23
#addOrSetSessionDataEntry@resource://devtools/server/connectors/js-process-actor/DevToolsProcessChild.sys.mjs:380:21
receiveMessage@resource://devtools/server/connectors/js-process-actor/DevToolsProcessChild.sys.mjs:305:46
Line: 719, column: 0
console.error: ({})
SourceActor threw an exception: [Exception... "Failed to open input source 'resource://gre/modules/ExtensionContent.sys.mjs'"  nsresult: "0x805303f4 (<unknown>)"  location: "JS frame :: resource://devtools/shared/DevToolsUtils.js :: mainThreadFetch/< :: line 719"  data: yes]
Stack: mainThreadFetch/<@resource://devtools/shared/DevToolsUtils.js:719:15
mainThreadFetch@resource://devtools/shared/DevToolsUtils.js:566:10
_fetchURLContents@resource://devtools/server/actors/utils/sources-manager.js:465:22
urlContents@resource://devtools/server/actors/utils/sources-manager.js:429:17
_resurrectSource@resource://devtools/server/actors/thread.js:2211:33
addAllSources@resource://devtools/server/actors/thread.js:1531:14
watch@resource://devtools/server/actors/resources/sources.js:83:17
watchResources@resource://devtools/server/actors/resources/index.js:340:15
addOrSetSessionDataEntry@resource://devtools/server/actors/targets/session-data-processors/resources.js:19:21
addOrSetSessionDataEntry@resource://devtools/server/actors/targets/base-target-actor.js:54:23
#addOrSetSessionDataEntry@resource://devtools/server/connectors/js-process-actor/DevToolsProcessChild.sys.mjs:380:21
receiveMessage@resource://devtools/server/connectors/js-process-actor/DevToolsProcessChild.sys.mjs:305:46
Line: 719, column: 0
console.error: ({})
SourceActor threw an exception: [Exception... "Failed to open input source 'moz-extension://a8c89e68-2c63-4cd3-bd9f-5ba1701e4fae/js/vapi.js'"  nsresult: "0x805303f4 (<unknown>)"  location: "JS frame :: resource://devtools/shared/DevToolsUtils.js :: mainThreadFetch/< :: line 719"  data: yes]
Stack: mainThreadFetch/<@resource://devtools/shared/DevToolsUtils.js:719:15
mainThreadFetch@resource://devtools/shared/DevToolsUtils.js:566:10
_fetchURLContents@resource://devtools/server/actors/utils/sources-manager.js:465:22
urlContents@resource://devtools/server/actors/utils/sources-manager.js:429:17
_resurrectSource@resource://devtools/server/actors/thread.js:2211:33
addAllSources@resource://devtools/server/actors/thread.js:1531:14
watch@resource://devtools/server/actors/resources/sources.js:83:17
watchResources@resource://devtools/server/actors/resources/index.js:340:15
addOrSetSessionDataEntry@resource://devtools/server/actors/targets/session-data-processors/resources.js:19:21
addOrSetSessionDataEntry@resource://devtools/server/actors/targets/base-target-actor.js:54:23
#addOrSetSessionDataEntry@resource://devtools/server/connectors/js-process-actor/DevToolsProcessChild.sys.mjs:380:21
receiveMessage@resource://devtools/server/connectors/js-process-actor/DevToolsProcessChild.sys.mjs:305:46
Line: 719, column: 0
console.error: ({})
SourceActor threw an exception: [Exception... "Failed to open input source 'resource://gre/modules/ExtensionContent.sys.mjs'"  nsresult: "0x805303f4 (<unknown>)"  location: "JS frame :: resource://devtools/shared/DevToolsUtils.js :: mainThreadFetch/< :: line 719"  data: yes]
Stack: mainThreadFetch/<@resource://devtools/shared/DevToolsUtils.js:719:15
mainThreadFetch@resource://devtools/shared/DevToolsUtils.js:566:10
_fetchURLContents@resource://devtools/server/actors/utils/sources-manager.js:465:22
urlContents@resource://devtools/server/actors/utils/sources-manager.js:429:17
_resurrectSource@resource://devtools/server/actors/thread.js:2211:33
addAllSources@resource://devtools/server/actors/thread.js:1531:14
watch@resource://devtools/server/actors/resources/sources.js:83:17
watchResources@resource://devtools/server/actors/resources/index.js:340:15
addOrSetSessionDataEntry@resource://devtools/server/actors/targets/session-data-processors/resources.js:19:21
addOrSetSessionDataEntry@resource://devtools/server/actors/targets/base-target-actor.js:54:23
#addOrSetSessionDataEntry@resource://devtools/server/connectors/js-process-actor/DevToolsProcessChild.sys.mjs:380:21
receiveMessage@resource://devtools/server/connectors/js-process-actor/DevToolsProcessChild.sys.mjs:305:46
Line: 719, column: 0
console.error: ({})
SourceActor threw an exception: [Exception... "Failed to open input source 'moz-extension://a8c89e68-2c63-4cd3-bd9f-5ba1701e4fae/js/vapi.js'"  nsresult: "0x805303f4 (<unknown>)"  location: "JS frame :: resource://devtools/shared/DevToolsUtils.js :: mainThreadFetch/< :: line 719"  data: yes]
Stack: mainThreadFetch/<@resource://devtools/shared/DevToolsUtils.js:719:15
mainThreadFetch@resource://devtools/shared/DevToolsUtils.js:566:10
_fetchURLContents@resource://devtools/server/actors/utils/sources-manager.js:465:22
urlContents@resource://devtools/server/actors/utils/sources-manager.js:429:17
_resurrectSource@resource://devtools/server/actors/thread.js:2211:33
addAllSources@resource://devtools/server/actors/thread.js:1531:14
watch@resource://devtools/server/actors/resources/sources.js:83:17
watchResources@resource://devtools/server/actors/resources/index.js:340:15
addOrSetSessionDataEntry@resource://devtools/server/actors/targets/session-data-processors/resources.js:19:21
addOrSetSessionDataEntry@resource://devtools/server/actors/targets/base-target-actor.js:54:23
#addOrSetSessionDataEntry@resource://devtools/server/connectors/js-process-actor/DevToolsProcessChild.sys.mjs:380:21
receiveMessage@resource://devtools/server/connectors/js-process-actor/DevToolsProcessChild.sys.mjs:305:46
Line: 719, column: 0
console.error: ({})
JavaScript error: resource://devtools/shared/DevToolsUtils.js, line 719: Failed to open input source 'resource://gre/modules/ExtensionContent.sys.mjs'
JavaScript error: resource://devtools/shared/DevToolsUtils.js, line 719: Failed to open input source 'moz-extension://a8c89e68-2c63-4cd3-bd9f-5ba1701e4fae/js/vapi.js'
JavaScript error: resource://devtools/shared/DevToolsUtils.js, line 719: Failed to open input source 'resource://gre/modules/ExtensionContent.sys.mjs'
JavaScript error: resource://devtools/shared/DevToolsUtils.js, line 719: Failed to open input source 'moz-extension://a8c89e68-2c63-4cd3-bd9f-5ba1701e4fae/js/vapi.js'
JavaScript error: resource://devtools/shared/DevToolsUtils.js, line 719: Failed to open input source 'resource://gre/modules/ExtensionContent.sys.mjs'
JavaScript error: resource://devtools/shared/DevToolsUtils.js, line 719: Failed to open input source 'moz-extension://a8c89e68-2c63-4cd3-bd9f-5ba1701e4fae/js/vapi.js'
JavaScript error: resource://devtools/shared/DevToolsUtils.js, line 719: Failed to open input source 'resource://gre/modules/ExtensionContent.sys.mjs'
JavaScript error: resource://devtools/shared/DevToolsUtils.js, line 719: Failed to open input source 'moz-extension://a8c89e68-2c63-4cd3-bd9f-5ba1701e4fae/js/vapi.js'
JavaScript error: resource://gre/modules/AsyncShutdown.sys.mjs, line 569: NotFoundError: No such JSProcessActor 'DevToolsProcess'
JavaScript error: resource://gre/modules/AsyncShutdown.sys.mjs, line 569: NotFoundError: No such JSProcessActor 'DevToolsProcess'
JavaScript error: resource://gre/modules/AsyncShutdown.sys.mjs, line 569: NotFoundError: No such JSProcessActor 'DevToolsProcess'
JavaScript error: resource://gre/modules/AsyncShutdown.sys.mjs, line 569: NotFoundError: No such JSProcessActor 'DevToolsProcess'
JavaScript error: resource://gre/modules/AsyncShutdown.sys.mjs, line 569: NotFoundError: No such JSProcessActor 'DevToolsProcess'
JavaScript error: resource://gre/modules/AsyncShutdown.sys.mjs, line 569: NotFoundError: No such JSProcessActor 'DevToolsProcess'
JavaScript error: resource://gre/modules/AsyncShutdown.sys.mjs, line 569: NotFoundError: No such JSProcessActor 'DevToolsProcess'
JavaScript error: resource://gre/modules/AsyncShutdown.sys.mjs, line 569: NotFoundError: No such JSProcessActor 'DevToolsProcess'
JavaScript error: resource://gre/modules/AsyncShutdown.sys.mjs, line 569: NotFoundError: No such JSProcessActor 'DevToolsProcess'
JavaScript error: resource://gre/modules/AsyncShutdown.sys.mjs, line 569: NotFoundError: No such JSProcessActor 'DevToolsProcess'
JavaScript error: resource://gre/modules/AsyncShutdown.sys.mjs, line 569: NotFoundError: No such JSProcessActor 'DevToolsProcess'
1717603841866	Marionette	INFO	Stopped listening on port 63861
Dynamically enable window occlusion 1
