1715054793039	geckodriver	INFO	Listening on 127.0.0.1:63900
1715054793767	mozrunner::runner	INFO	Running command: "C:\\Program Files\\Mozilla Firefox\\firefox.exe" "--marionette" "--remote-debugging-port" "63901" "--remote-allow-hosts" "localhost" "-no-remote" "-profile" "C:\\Users\\a315707\\AppData\\Local\\Temp\\rust_mozprofileMl1vg9"
console.warn: services.settings: Ignoring preference override of remote settings server
console.warn: services.settings: Allow by setting MOZ_REMOTE_SETTINGS_DEVTOOLS=1 in the environment
Dynamically enable window occlusion 0
1715054794288	Marionette	INFO	Marionette enabled
1715054794422	Marionette	INFO	Listening on port 63906
WebDriver BiDi listening on ws://127.0.0.1:63901
Read port: 63906
1715054794640	RemoteAgent	WARN	TLS certificate errors will be ignored for this session
DevTools listening on ws://127.0.0.1:63901/devtools/browser/7039ffe3-f83f-48d8-b9b6-88b61b59e583
1715054798400	Marionette	INFO	Stopped listening on port 63906
JavaScript warning: https://www.mozilla.org/media/js/sentry.4a8235bda9fb.js, line 1: Script terminated by timeout at:
r@https://www.mozilla.org/media/js/sentry.4a8235bda9fb.js:1:43464

JavaScript warning: moz-extension://14af8b20-5569-4b87-a70c-5d4a27417872/js/vapi-background.js, line 269: Script terminated by timeout at:
vAPI.isBehindTheSceneTabId@moz-extension://14af8b20-5569-4b87-a70c-5d4a27417872/js/vapi-background.js:269:1
TabContext.prototype.onCommit@moz-extension://14af8b20-5569-4b87-a70c-5d4a27417872/js/tab.js:652:19
TabContext/this.commitTimer<@moz-extension://14af8b20-5569-4b87-a70c-5d4a27417872/js/tab.js:616:18
on/this.timer<@moz-extension://14af8b20-5569-4b87-a70c-5d4a27417872/js/vapi-common.js:64:22

Dynamically enable window occlusion 1
