1715055751950	geckodriver	INFO	Listening on 127.0.0.1:60665
1715055752535	mozrunner::runner	INFO	Running command: "C:\\Program Files\\Mozilla Firefox\\firefox.exe" "--marionette" "--remote-debugging-port" "60666" "--remote-allow-hosts" "localhost" "-no-remote" "-profile" "C:\\Users\\a315707\\AppData\\Local\\Temp\\rust_mozprofilelZfGl0"
console.warn: services.settings: Ignoring preference override of remote settings server
console.warn: services.settings: Allow by setting MOZ_REMOTE_SETTINGS_DEVTOOLS=1 in the environment
Dynamically enable window occlusion 0
1715055753128	Marionette	INFO	Marionette enabled
1715055753264	Marionette	INFO	Listening on port 60672
WebDriver BiDi listening on ws://127.0.0.1:60666
Read port: 60672
1715055753507	RemoteAgent	WARN	TLS certificate errors will be ignored for this session
DevTools listening on ws://127.0.0.1:60666/devtools/browser/ffbf70fa-660d-4e56-a077-4a90bc280831
JavaScript error: resource://gre/modules/ExtensionCommon.sys.mjs, line 562: TypeError: this.contentWindow is null
JavaScript error: resource://devtools/server/actors/resources/network-events-content.js, line 72: NS_NOINTERFACE: Component returned failure code: 0x80004002 (NS_NOINTERFACE) [nsISupports.QueryInterface]
JavaScript error: resource://devtools/server/actors/resources/network-events-content.js, line 72: NS_NOINTERFACE: Component returned failure code: 0x80004002 (NS_NOINTERFACE) [nsISupports.QueryInterface]
Handler function threw an exception: Error: Got notified about channel 19370302505021 more than once.
Stack: onNetworkEvent@resource://devtools/server/actors/resources/network-events.js:282:13
#createNetworkEvent@resource://devtools/shared/network-observer/NetworkObserver.sys.mjs:766:46
#onRequestHeader@resource://devtools/shared/network-observer/NetworkObserver.sys.mjs:815:29
@resource://devtools/shared/network-observer/NetworkObserver.sys.mjs:670:28
makeInfallible/<@resource://devtools/shared/DevToolsInfaillibleUtils.sys.mjs:43:22
Line: 282, column: 13
console.error: (new Error("Got notified about channel 19370302505021 more than once.", "resource://devtools/server/actors/resources/network-events.js", 282))
NetworkHelper.parseSecurityInfo threw an exception: Security state 0 has no known STATE_IS_* flags.
console.error: "Security state 0 has no known STATE_IS_* flags."
Handler function threw an exception: Error: Got notified about channel 19370302505027 more than once.
Stack: onNetworkEvent@resource://devtools/server/actors/resources/network-events.js:282:13
#createNetworkEvent@resource://devtools/shared/network-observer/NetworkObserver.sys.mjs:766:46
#onRequestHeader@resource://devtools/shared/network-observer/NetworkObserver.sys.mjs:815:29
@resource://devtools/shared/network-observer/NetworkObserver.sys.mjs:670:28
makeInfallible/<@resource://devtools/shared/DevToolsInfaillibleUtils.sys.mjs:43:22
Line: 282, column: 13
console.error: (new Error("Got notified about channel 19370302505027 more than once.", "resource://devtools/server/actors/resources/network-events.js", 282))
Handler function threw an exception: Error: Got notified about channel 19370302505031 more than once.
Stack: onNetworkEvent@resource://devtools/server/actors/resources/network-events.js:282:13
#createNetworkEvent@resource://devtools/shared/network-observer/NetworkObserver.sys.mjs:766:46
#onRequestHeader@resource://devtools/shared/network-observer/NetworkObserver.sys.mjs:815:29
@resource://devtools/shared/network-observer/NetworkObserver.sys.mjs:670:28
makeInfallible/<@resource://devtools/shared/DevToolsInfaillibleUtils.sys.mjs:43:22
Line: 282, column: 13
console.error: (new Error("Got notified about channel 19370302505031 more than once.", "resource://devtools/server/actors/resources/network-events.js", 282))
Handler function threw an exception: Error: Got notified about channel 19370302505029 more than once.
Stack: onNetworkEvent@resource://devtools/server/actors/resources/network-events.js:282:13
#createNetworkEvent@resource://devtools/shared/network-observer/NetworkObserver.sys.mjs:766:46
#onRequestHeader@resource://devtools/shared/network-observer/NetworkObserver.sys.mjs:815:29
@resource://devtools/shared/network-observer/NetworkObserver.sys.mjs:670:28
makeInfallible/<@resource://devtools/shared/DevToolsInfaillibleUtils.sys.mjs:43:22
Line: 282, column: 13
console.error: (new Error("Got notified about channel 19370302505029 more than once.", "resource://devtools/server/actors/resources/network-events.js", 282))
Handler function threw an exception: Error: Got notified about channel 19370302505030 more than once.
Stack: onNetworkEvent@resource://devtools/server/actors/resources/network-events.js:282:13
#createNetworkEvent@resource://devtools/shared/network-observer/NetworkObserver.sys.mjs:766:46
#onRequestHeader@resource://devtools/shared/network-observer/NetworkObserver.sys.mjs:815:29
@resource://devtools/shared/network-observer/NetworkObserver.sys.mjs:670:28
makeInfallible/<@resource://devtools/shared/DevToolsInfaillibleUtils.sys.mjs:43:22
Line: 282, column: 13
console.error: (new Error("Got notified about channel 19370302505030 more than once.", "resource://devtools/server/actors/resources/network-events.js", 282))
Handler function threw an exception: Error: Got notified about channel 19370302505034 more than once.
Stack: onNetworkEvent@resource://devtools/server/actors/resources/network-events.js:282:13
#createNetworkEvent@resource://devtools/shared/network-observer/NetworkObserver.sys.mjs:766:46
#onRequestHeader@resource://devtools/shared/network-observer/NetworkObserver.sys.mjs:815:29
@resource://devtools/shared/network-observer/NetworkObserver.sys.mjs:670:28
makeInfallible/<@resource://devtools/shared/DevToolsInfaillibleUtils.sys.mjs:43:22
Line: 282, column: 13
console.error: (new Error("Got notified about channel 19370302505034 more than once.", "resource://devtools/server/actors/resources/network-events.js", 282))
Handler function threw an exception: Error: Got notified about channel 19370302505028 more than once.
Stack: onNetworkEvent@resource://devtools/server/actors/resources/network-events.js:282:13
#createNetworkEvent@resource://devtools/shared/network-observer/NetworkObserver.sys.mjs:766:46
#onRequestHeader@resource://devtools/shared/network-observer/NetworkObserver.sys.mjs:815:29
@resource://devtools/shared/network-observer/NetworkObserver.sys.mjs:670:28
makeInfallible/<@resource://devtools/shared/DevToolsInfaillibleUtils.sys.mjs:43:22
Line: 282, column: 13
console.error: (new Error("Got notified about channel 19370302505028 more than once.", "resource://devtools/server/actors/resources/network-events.js", 282))
NetworkHelper.parseSecurityInfo threw an exception: Security state 0 has no known STATE_IS_* flags.
console.error: "Security state 0 has no known STATE_IS_* flags."
Handler function threw an exception: Error: Got notified about channel 19370302505035 more than once.
Stack: onNetworkEvent@resource://devtools/server/actors/resources/network-events.js:282:13
#createNetworkEvent@resource://devtools/shared/network-observer/NetworkObserver.sys.mjs:766:46
#onRequestHeader@resource://devtools/shared/network-observer/NetworkObserver.sys.mjs:815:29
@resource://devtools/shared/network-observer/NetworkObserver.sys.mjs:670:28
makeInfallible/<@resource://devtools/shared/DevToolsInfaillibleUtils.sys.mjs:43:22
Line: 282, column: 13
console.error: (new Error("Got notified about channel 19370302505035 more than once.", "resource://devtools/server/actors/resources/network-events.js", 282))
NetworkHelper.parseSecurityInfo threw an exception: Security state 0 has no known STATE_IS_* flags.
console.error: "Security state 0 has no known STATE_IS_* flags."
NetworkHelper.parseSecurityInfo threw an exception: Security state 0 has no known STATE_IS_* flags.
console.error: "Security state 0 has no known STATE_IS_* flags."
NetworkHelper.parseSecurityInfo threw an exception: Security state 0 has no known STATE_IS_* flags.
console.error: "Security state 0 has no known STATE_IS_* flags."
NetworkHelper.parseSecurityInfo threw an exception: Security state 0 has no known STATE_IS_* flags.
console.error: "Security state 0 has no known STATE_IS_* flags."
Handler function threw an exception: Error: Got notified about channel 47949014892735 more than once.
Stack: onNetworkEvent@resource://devtools/server/actors/resources/network-events.js:282:13
#createNetworkEvent@resource://devtools/shared/network-observer/NetworkObserver.sys.mjs:766:46
#onRequestHeader@resource://devtools/shared/network-observer/NetworkObserver.sys.mjs:815:29
@resource://devtools/shared/network-observer/NetworkObserver.sys.mjs:670:28
makeInfallible/<@resource://devtools/shared/DevToolsInfaillibleUtils.sys.mjs:43:22
Line: 282, column: 13
console.error: (new Error("Got notified about channel 47949014892735 more than once.", "resource://devtools/server/actors/resources/network-events.js", 282))
Handler function threw an exception: Error: Got notified about channel 47949014892736 more than once.
Stack: onNetworkEvent@resource://devtools/server/actors/resources/network-events.js:282:13
#createNetworkEvent@resource://devtools/shared/network-observer/NetworkObserver.sys.mjs:766:46
#onRequestHeader@resource://devtools/shared/network-observer/NetworkObserver.sys.mjs:815:29
@resource://devtools/shared/network-observer/NetworkObserver.sys.mjs:670:28
makeInfallible/<@resource://devtools/shared/DevToolsInfaillibleUtils.sys.mjs:43:22
Line: 282, column: 13
console.error: (new Error("Got notified about channel 47949014892736 more than once.", "resource://devtools/server/actors/resources/network-events.js", 282))
Handler function threw an exception: Error: Got notified about channel 19370302505039 more than once.
Stack: onNetworkEvent@resource://devtools/server/actors/resources/network-events.js:282:13
#createNetworkEvent@resource://devtools/shared/network-observer/NetworkObserver.sys.mjs:766:46
#onRequestHeader@resource://devtools/shared/network-observer/NetworkObserver.sys.mjs:815:29
@resource://devtools/shared/network-observer/NetworkObserver.sys.mjs:670:28
makeInfallible/<@resource://devtools/shared/DevToolsInfaillibleUtils.sys.mjs:43:22
Line: 282, column: 13
console.error: (new Error("Got notified about channel 19370302505039 more than once.", "resource://devtools/server/actors/resources/network-events.js", 282))
NetworkHelper.parseSecurityInfo threw an exception: Security state 0 has no known STATE_IS_* flags.
console.error: "Security state 0 has no known STATE_IS_* flags."
Handler function threw an exception: Error: Got notified about channel 19370302505040 more than once.
Stack: onNetworkEvent@resource://devtools/server/actors/resources/network-events.js:282:13
#createNetworkEvent@resource://devtools/shared/network-observer/NetworkObserver.sys.mjs:766:46
#onRequestHeader@resource://devtools/shared/network-observer/NetworkObserver.sys.mjs:815:29
@resource://devtools/shared/network-observer/NetworkObserver.sys.mjs:670:28
makeInfallible/<@resource://devtools/shared/DevToolsInfaillibleUtils.sys.mjs:43:22
Line: 282, column: 13
console.error: (new Error("Got notified about channel 19370302505040 more than once.", "resource://devtools/server/actors/resources/network-events.js", 282))
Handler function threw an exception: Error: Got notified about channel 19370302505041 more than once.
Stack: onNetworkEvent@resource://devtools/server/actors/resources/network-events.js:282:13
#createNetworkEvent@resource://devtools/shared/network-observer/NetworkObserver.sys.mjs:766:46
#onRequestHeader@resource://devtools/shared/network-observer/NetworkObserver.sys.mjs:815:29
@resource://devtools/shared/network-observer/NetworkObserver.sys.mjs:670:28
makeInfallible/<@resource://devtools/shared/DevToolsInfaillibleUtils.sys.mjs:43:22
Line: 282, column: 13
console.error: (new Error("Got notified about channel 19370302505041 more than once.", "resource://devtools/server/actors/resources/network-events.js", 282))
Handler function threw an exception: Error: Got notified about channel 19370302505044 more than once.
Stack: onNetworkEvent@resource://devtools/server/actors/resources/network-events.js:282:13
#createNetworkEvent@resource://devtools/shared/network-observer/NetworkObserver.sys.mjs:766:46
#onRequestHeader@resource://devtools/shared/network-observer/NetworkObserver.sys.mjs:815:29
@resource://devtools/shared/network-observer/NetworkObserver.sys.mjs:670:28
makeInfallible/<@resource://devtools/shared/DevToolsInfaillibleUtils.sys.mjs:43:22
Line: 282, column: 13
console.error: (new Error("Got notified about channel 19370302505044 more than once.", "resource://devtools/server/actors/resources/network-events.js", 282))
Handler function threw an exception: Error: Got notified about channel 19370302505043 more than once.
Stack: onNetworkEvent@resource://devtools/server/actors/resources/network-events.js:282:13
#createNetworkEvent@resource://devtools/shared/network-observer/NetworkObserver.sys.mjs:766:46
#onRequestHeader@resource://devtools/shared/network-observer/NetworkObserver.sys.mjs:815:29
@resource://devtools/shared/network-observer/NetworkObserver.sys.mjs:670:28
makeInfallible/<@resource://devtools/shared/DevToolsInfaillibleUtils.sys.mjs:43:22
Line: 282, column: 13
console.error: (new Error("Got notified about channel 19370302505043 more than once.", "resource://devtools/server/actors/resources/network-events.js", 282))
Handler function threw an exception: Error: Got notified about channel 19370302505042 more than once.
Stack: onNetworkEvent@resource://devtools/server/actors/resources/network-events.js:282:13
#createNetworkEvent@resource://devtools/shared/network-observer/NetworkObserver.sys.mjs:766:46
#onRequestHeader@resource://devtools/shared/network-observer/NetworkObserver.sys.mjs:815:29
@resource://devtools/shared/network-observer/NetworkObserver.sys.mjs:670:28
makeInfallible/<@resource://devtools/shared/DevToolsInfaillibleUtils.sys.mjs:43:22
Line: 282, column: 13
console.error: (new Error("Got notified about channel 19370302505042 more than once.", "resource://devtools/server/actors/resources/network-events.js", 282))
Handler function threw an exception: Error: Got notified about channel 19370302505045 more than once.
Stack: onNetworkEvent@resource://devtools/server/actors/resources/network-events.js:282:13
#createNetworkEvent@resource://devtools/shared/network-observer/NetworkObserver.sys.mjs:766:46
#onRequestHeader@resource://devtools/shared/network-observer/NetworkObserver.sys.mjs:815:29
@resource://devtools/shared/network-observer/NetworkObserver.sys.mjs:670:28
makeInfallible/<@resource://devtools/shared/DevToolsInfaillibleUtils.sys.mjs:43:22
Line: 282, column: 13
console.error: (new Error("Got notified about channel 19370302505045 more than once.", "resource://devtools/server/actors/resources/network-events.js", 282))
Handler function threw an exception: Error: Got notified about channel 19370302505046 more than once.
Stack: onNetworkEvent@resource://devtools/server/actors/resources/network-events.js:282:13
#createNetworkEvent@resource://devtools/shared/network-observer/NetworkObserver.sys.mjs:766:46
#onRequestHeader@resource://devtools/shared/network-observer/NetworkObserver.sys.mjs:815:29
@resource://devtools/shared/network-observer/NetworkObserver.sys.mjs:670:28
makeInfallible/<@resource://devtools/shared/DevToolsInfaillibleUtils.sys.mjs:43:22
Line: 282, column: 13
console.error: (new Error("Got notified about channel 19370302505046 more than once.", "resource://devtools/server/actors/resources/network-events.js", 282))
NetworkHelper.parseSecurityInfo threw an exception: Security state 0 has no known STATE_IS_* flags.
console.error: "Security state 0 has no known STATE_IS_* flags."
NetworkHelper.parseSecurityInfo threw an exception: Security state 0 has no known STATE_IS_* flags.
console.error: "Security state 0 has no known STATE_IS_* flags."
NetworkHelper.parseSecurityInfo threw an exception: Security state 0 has no known STATE_IS_* flags.
console.error: "Security state 0 has no known STATE_IS_* flags."
NetworkHelper.parseSecurityInfo threw an exception: Security state 0 has no known STATE_IS_* flags.
console.error: "Security state 0 has no known STATE_IS_* flags."
Handler function threw an exception: Error: Got notified about channel 19370302505058 more than once.
Stack: onNetworkEvent@resource://devtools/server/actors/resources/network-events.js:282:13
#createNetworkEvent@resource://devtools/shared/network-observer/NetworkObserver.sys.mjs:766:46
#onRequestHeader@resource://devtools/shared/network-observer/NetworkObserver.sys.mjs:815:29
@resource://devtools/shared/network-observer/NetworkObserver.sys.mjs:670:28
makeInfallible/<@resource://devtools/shared/DevToolsInfaillibleUtils.sys.mjs:43:22
Line: 282, column: 13
console.error: (new Error("Got notified about channel 19370302505058 more than once.", "resource://devtools/server/actors/resources/network-events.js", 282))
NetworkHelper.parseSecurityInfo threw an exception: Security state 0 has no known STATE_IS_* flags.
console.error: "Security state 0 has no known STATE_IS_* flags."
NetworkHelper.parseSecurityInfo threw an exception: Security state 0 has no known STATE_IS_* flags.
console.error: "Security state 0 has no known STATE_IS_* flags."
NetworkHelper.parseSecurityInfo threw an exception: Security state 0 has no known STATE_IS_* flags.
console.error: "Security state 0 has no known STATE_IS_* flags."
NetworkHelper.parseSecurityInfo threw an exception: Security state 0 has no known STATE_IS_* flags.
console.error: "Security state 0 has no known STATE_IS_* flags."
NetworkHelper.parseSecurityInfo threw an exception: Security state 0 has no known STATE_IS_* flags.
console.error: "Security state 0 has no known STATE_IS_* flags."
NetworkHelper.parseSecurityInfo threw an exception: Security state 0 has no known STATE_IS_* flags.
console.error: "Security state 0 has no known STATE_IS_* flags."
NetworkHelper.parseSecurityInfo threw an exception: Security state 0 has no known STATE_IS_* flags.
console.error: "Security state 0 has no known STATE_IS_* flags."
NetworkHelper.parseSecurityInfo threw an exception: Security state 0 has no known STATE_IS_* flags.
console.error: "Security state 0 has no known STATE_IS_* flags."
Handler function threw an exception: Error: Got notified about channel 19370302505084 more than once.
Stack: onNetworkEvent@resource://devtools/server/actors/resources/network-events.js:282:13
#createNetworkEvent@resource://devtools/shared/network-observer/NetworkObserver.sys.mjs:766:46
#onRequestHeader@resource://devtools/shared/network-observer/NetworkObserver.sys.mjs:815:29
@resource://devtools/shared/network-observer/NetworkObserver.sys.mjs:670:28
makeInfallible/<@resource://devtools/shared/DevToolsInfaillibleUtils.sys.mjs:43:22
Line: 282, column: 13
console.error: (new Error("Got notified about channel 19370302505084 more than once.", "resource://devtools/server/actors/resources/network-events.js", 282))
Handler function threw an exception: Error: Got notified about channel 19370302505063 more than once.
Stack: onNetworkEvent@resource://devtools/server/actors/resources/network-events.js:282:13
#createNetworkEvent@resource://devtools/shared/network-observer/NetworkObserver.sys.mjs:766:46
#onRequestHeader@resource://devtools/shared/network-observer/NetworkObserver.sys.mjs:815:29
@resource://devtools/shared/network-observer/NetworkObserver.sys.mjs:670:28
makeInfallible/<@resource://devtools/shared/DevToolsInfaillibleUtils.sys.mjs:43:22
Line: 282, column: 13
console.error: (new Error("Got notified about channel 19370302505063 more than once.", "resource://devtools/server/actors/resources/network-events.js", 282))
Handler function threw an exception: Error: Got notified about channel 19370302505061 more than once.
Stack: onNetworkEvent@resource://devtools/server/actors/resources/network-events.js:282:13
#createNetworkEvent@resource://devtools/shared/network-observer/NetworkObserver.sys.mjs:766:46
#onRequestHeader@resource://devtools/shared/network-observer/NetworkObserver.sys.mjs:815:29
@resource://devtools/shared/network-observer/NetworkObserver.sys.mjs:670:28
makeInfallible/<@resource://devtools/shared/DevToolsInfaillibleUtils.sys.mjs:43:22
Line: 282, column: 13
console.error: (new Error("Got notified about channel 19370302505061 more than once.", "resource://devtools/server/actors/resources/network-events.js", 282))
Handler function threw an exception: Error: Got notified about channel 19370302505071 more than once.
Stack: onNetworkEvent@resource://devtools/server/actors/resources/network-events.js:282:13
#createNetworkEvent@resource://devtools/shared/network-observer/NetworkObserver.sys.mjs:766:46
#onRequestHeader@resource://devtools/shared/network-observer/NetworkObserver.sys.mjs:815:29
@resource://devtools/shared/network-observer/NetworkObserver.sys.mjs:670:28
makeInfallible/<@resource://devtools/shared/DevToolsInfaillibleUtils.sys.mjs:43:22
Line: 282, column: 13
console.error: (new Error("Got notified about channel 19370302505071 more than once.", "resource://devtools/server/actors/resources/network-events.js", 282))
Handler function threw an exception: Error: Got notified about channel 19370302505065 more than once.
Stack: onNetworkEvent@resource://devtools/server/actors/resources/network-events.js:282:13
#createNetworkEvent@resource://devtools/shared/network-observer/NetworkObserver.sys.mjs:766:46
#onRequestHeader@resource://devtools/shared/network-observer/NetworkObserver.sys.mjs:815:29
@resource://devtools/shared/network-observer/NetworkObserver.sys.mjs:670:28
makeInfallible/<@resource://devtools/shared/DevToolsInfaillibleUtils.sys.mjs:43:22
Line: 282, column: 13
console.error: (new Error("Got notified about channel 19370302505065 more than once.", "resource://devtools/server/actors/resources/network-events.js", 282))
Handler function threw an exception: Error: Got notified about channel 19370302505073 more than once.
Stack: onNetworkEvent@resource://devtools/server/actors/resources/network-events.js:282:13
#createNetworkEvent@resource://devtools/shared/network-observer/NetworkObserver.sys.mjs:766:46
#onRequestHeader@resource://devtools/shared/network-observer/NetworkObserver.sys.mjs:815:29
@resource://devtools/shared/network-observer/NetworkObserver.sys.mjs:670:28
makeInfallible/<@resource://devtools/shared/DevToolsInfaillibleUtils.sys.mjs:43:22
Line: 282, column: 13
console.error: (new Error("Got notified about channel 19370302505073 more than once.", "resource://devtools/server/actors/resources/network-events.js", 282))
Handler function threw an exception: Error: Got notified about channel 19370302505068 more than once.
Stack: onNetworkEvent@resource://devtools/server/actors/resources/network-events.js:282:13
#createNetworkEvent@resource://devtools/shared/network-observer/NetworkObserver.sys.mjs:766:46
#onRequestHeader@resource://devtools/shared/network-observer/NetworkObserver.sys.mjs:815:29
@resource://devtools/shared/network-observer/NetworkObserver.sys.mjs:670:28
makeInfallible/<@resource://devtools/shared/DevToolsInfaillibleUtils.sys.mjs:43:22
Line: 282, column: 13
console.error: (new Error("Got notified about channel 19370302505068 more than once.", "resource://devtools/server/actors/resources/network-events.js", 282))
Handler function threw an exception: Error: Got notified about channel 19370302505094 more than once.
Stack: onNetworkEvent@resource://devtools/server/actors/resources/network-events.js:282:13
#createNetworkEvent@resource://devtools/shared/network-observer/NetworkObserver.sys.mjs:766:46
#onRequestHeader@resource://devtools/shared/network-observer/NetworkObserver.sys.mjs:815:29
@resource://devtools/shared/network-observer/NetworkObserver.sys.mjs:670:28
makeInfallible/<@resource://devtools/shared/DevToolsInfaillibleUtils.sys.mjs:43:22
Line: 282, column: 13
console.error: (new Error("Got notified about channel 19370302505094 more than once.", "resource://devtools/server/actors/resources/network-events.js", 282))
NetworkHelper.parseSecurityInfo threw an exception: Security state 0 has no known STATE_IS_* flags.
console.error: "Security state 0 has no known STATE_IS_* flags."
NetworkHelper.parseSecurityInfo threw an exception: Security state 0 has no known STATE_IS_* flags.
console.error: "Security state 0 has no known STATE_IS_* flags."
NetworkHelper.parseSecurityInfo threw an exception: Security state 0 has no known STATE_IS_* flags.
console.error: "Security state 0 has no known STATE_IS_* flags."
NetworkHelper.parseSecurityInfo threw an exception: Security state 0 has no known STATE_IS_* flags.
console.error: "Security state 0 has no known STATE_IS_* flags."
NetworkHelper.parseSecurityInfo threw an exception: Security state 0 has no known STATE_IS_* flags.
console.error: "Security state 0 has no known STATE_IS_* flags."
NetworkHelper.parseSecurityInfo threw an exception: Security state 0 has no known STATE_IS_* flags.
console.error: "Security state 0 has no known STATE_IS_* flags."
NetworkHelper.parseSecurityInfo threw an exception: Security state 0 has no known STATE_IS_* flags.
console.error: "Security state 0 has no known STATE_IS_* flags."
NetworkHelper.parseSecurityInfo threw an exception: Security state 0 has no known STATE_IS_* flags.
console.error: "Security state 0 has no known STATE_IS_* flags."
NetworkHelper.parseSecurityInfo threw an exception: Security state 0 has no known STATE_IS_* flags.
console.error: "Security state 0 has no known STATE_IS_* flags."
Handler function threw an exception: Error: Got notified about channel 19370302505097 more than once.
Stack: onNetworkEvent@resource://devtools/server/actors/resources/network-events.js:282:13
#createNetworkEvent@resource://devtools/shared/network-observer/NetworkObserver.sys.mjs:766:46
#onRequestHeader@resource://devtools/shared/network-observer/NetworkObserver.sys.mjs:815:29
@resource://devtools/shared/network-observer/NetworkObserver.sys.mjs:670:28
makeInfallible/<@resource://devtools/shared/DevToolsInfaillibleUtils.sys.mjs:43:22
Line: 282, column: 13
console.error: (new Error("Got notified about channel 19370302505097 more than once.", "resource://devtools/server/actors/resources/network-events.js", 282))
NetworkHelper.parseSecurityInfo threw an exception: Security state 0 has no known STATE_IS_* flags.
console.error: "Security state 0 has no known STATE_IS_* flags."
console.warn: "Listener for event 'frame' did not return a promise."
JavaScript warning: https://a1.adform.net/serving/scripts/trackpoint/async/, line 137: Script terminated by timeout at:
nb@https://a1.adform.net/serving/scripts/trackpoint/async/:137:818
Lc@https://a1.adform.net/serving/scripts/trackpoint/async/:154:463
EventListener.handleEvent*$a@https://a1.adform.net/serving/scripts/trackpoint/async/:133:191
@https://a1.adform.net/serving/scripts/trackpoint/async/:154:424
@https://a1.adform.net/serving/scripts/trackpoint/async/:168:108

JavaScript error: resource://gre/modules/AsyncShutdown.sys.mjs, line 569: NotFoundError: No such JSWindowActor 'DevToolsFrame'
JavaScript error: resource://gre/modules/AsyncShutdown.sys.mjs, line 569: NotFoundError: No such JSWindowActor 'DevToolsFrame'
JavaScript error: resource://gre/modules/AsyncShutdown.sys.mjs, line 569: NotFoundError: No such JSWindowActor 'DevToolsFrame'
1715055815380	Marionette	INFO	Stopped listening on port 60672
Dynamically enable window occlusion 1
NetworkHelper.parseSecurityInfo threw an exception: Security state 0 has no known STATE_IS_* flags.
console.error: "Security state 0 has no known STATE_IS_* flags."
