1722577304210	geckodriver	INFO	Listening on 127.0.0.1:49238
1722577307539	mozrunner::runner	INFO	Running command: "C:\\Program Files\\Mozilla Firefox\\firefox.exe" "--marionette" "--remote-debugging-port" "49239" "--remote-allow-hosts" "localhost" "-no-remote" "-profile" "C:\\Users\\georg\\AppData\\Local\\Temp\\rust_mozprofileW2SAvY"
console.warn: services.settings: Ignoring preference override of remote settings server
console.warn: services.settings: Allow by setting MOZ_REMOTE_SETTINGS_DEVTOOLS=1 in the environment
Dynamically enable window occlusion 0
1722577310056	Marionette	INFO	Marionette enabled
1722577310984	Marionette	INFO	Listening on port 49253
Read port: 49253
WebDriver BiDi listening on ws://127.0.0.1:49239
1722577311388	RemoteAgent	WARN	TLS certificate errors will be ignored for this session
DevTools listening on ws://127.0.0.1:49239/devtools/browser/387d08a0-d51d-4649-bc3f-c5fcec27e12c
JavaScript error: https://thetestingworld.com/index.php?jat3action=gzip&jat3type=js&jat3file=t3-assets%2Fjs_81315.js, line 44: TypeError: v is undefined
JavaScript warning: https://www.youtube.com/s/player/d2e656ee/player_ias.vflset/de_DE/base.js, line 1627: Script terminated by timeout at:
g.tr@https://www.youtube.com/s/player/d2e656ee/player_ias.vflset/de_DE/base.js:1627:14
oA@https://www.youtube.com/s/player/d2e656ee/player_ias.vflset/de_DE/base.js:2503:25
uA/<@https://www.youtube.com/s/player/d2e656ee/player_ias.vflset/de_DE/base.js:2512:40
g.tr/<@https://www.youtube.com/s/player/d2e656ee/player_ias.vflset/de_DE/base.js:1627:65
uA@https://www.youtube.com/s/player/d2e656ee/player_ias.vflset/de_DE/base.js:2512:84
g.TBa/a.c1a@https://www.youtube.com/s/player/d2e656ee/player_ias.vflset/de_DE/base.js:3626:245
g.UBa@https://www.youtube.com/s/player/d2e656ee/player_ias.vflset/de_DE/base.js:3629:168
g.k.vM@https://www.youtube.com/s/player/d2e656ee/player_ias.vflset/de_DE/base.js:12303:261
g.k.sendAbandonmentPing@https://www.youtube.com/s/player/d2e656ee/player_ias.vflset/de_DE/base.js:12183:106
g.k.sendAbandonmentPing@https://www.youtube.com/s/player/d2e656ee/player_ias.vflset/de_DE/base.js:10192:62
fR/a.state.j[b]@https://www.youtube.com/s/player/d2e656ee/player_ias.vflset/de_DE/base.js:4482:53
my/<@https://www.youtube.com/s/player/d2e656ee/www-embed-player.vflset/www-embed-player.js:1862:106
yy@https://www.youtube.com/s/player/d2e656ee/www-embed-player.vflset/www-embed-player.js:1898:46
@https://www.youtube.com/s/player/d2e656ee/www-embed-player.vflset/www-embed-player.js:1906:137
Dl/<@https://www.youtube.com/s/player/d2e656ee/www-embed-player.vflset/www-embed-player.js:893:63

JavaScript warning: https://www.google.com/js/th/jDVVIT4ZwDHfBiET8TcWj790JrYgF6qU1g_sOcBWI_w.js line 2 > eval line 655 > eval line 1 > eval line 1 > eval, line 1: WEBGL_debug_renderer_info is deprecated in Firefox and will be removed. Please use RENDERER.
1722577334035	Marionette	INFO	Stopped listening on port 49253
Dynamically enable window occlusion 1
