1714710650634	geckodriver	INFO	Listening on 127.0.0.1:62216
1714710653717	mozrunner::runner	INFO	Running command: "C:\\Program Files\\Mozilla Firefox\\firefox.exe" "--marionette" "--remote-debugging-port" "62217" "--remote-allow-hosts" "localhost" "-no-remote" "-profile" "C:\\Users\\georg\\AppData\\Local\\Temp\\rust_mozprofileOe1n9h"
console.warn: services.settings: Ignoring preference override of remote settings server
console.warn: services.settings: Allow by setting MOZ_REMOTE_SETTINGS_DEVTOOLS=1 in the environment
1714710654629	Marionette	INFO	Marionette enabled
Dynamically enable window occlusion 0
1714710654914	Marionette	INFO	Listening on port 62227
Read port: 62227
WebDriver BiDi listening on ws://127.0.0.1:62217
1714710655375	RemoteAgent	WARN	TLS certificate errors will be ignored for this session
DevTools listening on ws://127.0.0.1:62217/devtools/browser/38782e2e-a911-49fb-a7e3-9e2fe3552b3c
1714710685305	addons.xpi	ERROR	System addon update list error SyntaxError: XMLHttpRequest.open: 'http://%(server)s/dummy-system-addons.xml' is not a valid URL.
1714710703460	Marionette	WARN	Ignoring event 'pageshow' because document has an invalid readyState of 'uninitialized'.
JavaScript warning: https://www.googletagmanager.com/gtag/js?id=G-MQ7767QQQW&l=dataLayer&cx=c, line 378: Script terminated by timeout at:
tl@https://www.googletagmanager.com/gtag/js?id=G-MQ7767QQQW&l=dataLayer&cx=c:378:661
Hm@https://www.googletagmanager.com/gtag/js?id=G-MQ7767QQQW&l=dataLayer&cx=c:385:747
uG/<@https://www.googletagmanager.com/gtag/js?id=G-MQ7767QQQW&l=dataLayer&cx=c:699:178
aa.Ik/<@https://www.googletagmanager.com/gtag/js?id=G-MQ7767QQQW&l=dataLayer&cx=c:647:126
aa.Ik/c/<@https://www.googletagmanager.com/gtag/js?id=G-MQ7767QQQW&l=dataLayer&cx=c:646:420
r@https://www.mozilla.org/media/js/sentry.4a8235bda9fb.js:1:43603

1714710764230	Marionette	INFO	Stopped listening on port 62227
Dynamically enable window occlusion 1
